<?xml version="1.0" encoding="UTF-8" ?>
<testsuite errors="0" failures="0" hostname="Bruce_Laptop2" name="bestFriendsSiteMap.HomeVolunteerAtTheSanctuary" tests="1" time="33.962" timestamp="2013-10-07T21:26:57">
  <properties>
[...]
</properties>
  <testcase classname="bestFriendsSiteMap.HomeVolunteerAtTheSanctuary" name="Volunteer" time="20.828" />
  <system-out><![CDATA[!!!! CREATE SELENIUM MANAGER
SETTING BROWSER as *firefox during property file processing
SETTING BROWSER as *firefox during system property file processing
Using Web Driver
Home->Volunteer Page...testing
]]></system-out>
  <system-err><![CDATA[]]></system-err>
</testsuite>
